<?xml version="1.0" encoding="UTF-8"?>
<testng-results ignored="1" total="2" passed="1" failed="0" skipped="0">
  <reporter-output>
  </reporter-output>
  <suite started-at="2026-01-22T13:15:58 IST" name="Suite" finished-at="2026-01-22T13:15:58 IST" duration-ms="175">
    <groups>
    </groups>
    <test started-at="2026-01-22T13:15:58 IST" name="Test" finished-at="2026-01-22T13:15:58 IST" duration-ms="175">
      <class name="practicetest.PracticeTest">
        <test-method signature="createcontacttest()[pri:0, instance:practicetest.PracticeTest@514646ef]" started-at="2026-01-22T13:15:58 IST" name="createcontacttest" finished-at="2026-01-22T13:15:58 IST" duration-ms="24" status="PASS">
          <reporter-output>
          </reporter-output>
        </test-method> <!-- createcontacttest -->
      </class> <!-- practicetest.PracticeTest -->
    </test> <!-- Test -->
  </suite> <!-- Suite -->
</testng-results>
